Script started on à¦®à¦™à§à¦—à¦²à¦¬à¦¾à¦° 26 à¦®à§‡ 2015 03:47:45 à¦ªà§‚à¦°à§à¦¬à¦¾à¦¹à§à¦£ BDT
]0;amlansaha@amlansaha-Inspiron-1545: /media/amlansaha/3f8e531b-102d-4ee0-986b-bd92769b9f9c/CSE-310(Compiler_Sessional)/Amlan/CSE-310/Assignment3amlansaha@amlansaha-Inspiron-1545:/media/amlansaha/3f8e531b-102d-4ee0-986b-bd92769b9f9c/CSEE-310(Compiler_Sessional)/Amlan/CSE-310/Assignment3$ ping 172.26.26.86[K./script.sh
bash: ./script.sh: Permission denied
]0;amlansaha@amlansaha-Inspiron-1545: /media/amlansaha/3f8e531b-102d-4ee0-986b-bd92769b9f9c/CSE-310(Compiler_Sessional)/Amlan/CSE-310/Assignment3amlansaha@amlansaha-Inspiron-1545:/media/amlansaha/3f8e531b-102d-4ee0-986b-bd92769b9f9c/CSEE-310(Compiler_Sessional)/Amlan/CSE-310/Assignment3$ ./script.sh[1P/script.sh[1Pscript.sh[Cscript.shhscript.sh script.sh
bison: parse.y: cannot open: No such file or directory
g++: error: y.tab.c: No such file or directory
g++: fatal error: no input files
compilation terminated.
flex: can't open lex.l
lexa.l:3:19: fatal error: y.tab.h: No such file or directory
 #include "y.tab.h"
                   ^
compilation terminated.
g++: error: test.o: No such file or directory
g++: error: parse.o: No such file or directory
script.sh: 6: script.sh: ./demoCompiler: not found
]0;amlansaha@amlansaha-Inspiron-1545: /media/amlansaha/3f8e531b-102d-4ee0-986b-bd92769b9f9c/CSE-310(Compiler_Sessional)/Amlan/CSE-310/Assignment3amlansaha@amlansaha-Inspiron-1545:/media/amlansaha/3f8e531b-102d-4ee0-986b-bd92769b9f9c/CSEE-310(Compiler_Sessional)/Amlan/CSE-310/Assignment3$ sh script.sh
parsea.y: In function â€˜void yyerror(char*)â€™:
parsea.y:34:30: error: invalid operands of types â€˜<unresolved overloaded function type>â€™ and â€˜intâ€™ to binary â€˜operator+â€™
  fprintf(stdout,"%s\n",count+1,s);
                              ^
parsea.y: In function â€˜int main(int, char**)â€™:
parsea.y:193:6: error: â€˜fpâ€™ was not declared in this scope
  if((fp=fopen(argv[1],"r"))==NULL)
      ^
parsea.y:199:7: error: â€˜fpâ€™ was not declared in this scope
  yyin=fp;
       ^
lex.yy.c:125:15: error: expected identifier before â€˜(â€™ token
 #define BEGIN (yy_start) = 1 + 2 *
               ^
y.tab.h:60:5: note: in expansion of macro â€˜BEGINâ€™
     BEGIN = 270,
     ^
lex.yy.c:125:15: error: expected â€˜}â€™ before â€˜(â€™ token
 #define BEGIN (yy_start) = 1 + 2 *
               ^
y.tab.h:60:5: note: in expansion of macro â€˜BEGINâ€™
     BEGIN = 270,
     ^
lex.yy.c:125:24: error: conflicting declaration â€˜yytokentype yy_startâ€™
 #define BEGIN (yy_start) = 1 + 2 *
                        ^
y.tab.h:60:5: note: in expansion of macro â€˜BEGINâ€™
     BEGIN = 270,
     ^
lex.yy.c:288:12: error: â€˜yy_startâ€™ has a previous declaration as â€˜int yy_startâ€™
 static int yy_start = 0; /* start state number */
            ^
In file included from lexa.l:3:0:
y.tab.h:60:11: error: expected primary-expression before â€˜=â€™ token
     BEGIN = 270,
           ^
y.tab.h:91:3: error: expected declaration before â€˜}â€™ token
   };
   ^
g++: error: test.o: No such file or directory
g++: error: parse.o: No such file or directory
]0;amlansaha@amlansaha-Inspiron-1545: /media/amlansaha/3f8e531b-102d-4ee0-986b-bd92769b9f9c/CSE-310(Compiler_Sessional)/Amlan/CSE-310/Assignment3amlansaha@amlansaha-Inspiron-1545:/media/amlansaha/3f8e531b-102d-4ee0-986b-bd92769b9f9c/CSEE-310(Compiler_Sessional)/Amlan/CSE-310/Assignment3$ sh script.sh
parsea.y: In function â€˜int main(int, char**)â€™:
parsea.y:193:6: error: â€˜fpâ€™ was not declared in this scope
  if((fp=fopen(argv[1],"r"))==NULL)
      ^
parsea.y:199:7: error: â€˜fpâ€™ was not declared in this scope
  yyin=fp;
       ^
lex.yy.c:125:15: error: expected identifier before â€˜(â€™ token
 #define BEGIN (yy_start) = 1 + 2 *
               ^
y.tab.h:60:5: note: in expansion of macro â€˜BEGINâ€™
     BEGIN = 270,
     ^
lex.yy.c:125:15: error: expected â€˜}â€™ before â€˜(â€™ token
 #define BEGIN (yy_start) = 1 + 2 *
               ^
y.tab.h:60:5: note: in expansion of macro â€˜BEGINâ€™
     BEGIN = 270,
     ^
lex.yy.c:125:24: error: conflicting declaration â€˜yytokentype yy_startâ€™
 #define BEGIN (yy_start) = 1 + 2 *
                        ^
y.tab.h:60:5: note: in expansion of macro â€˜BEGINâ€™
     BEGIN = 270,
     ^
lex.yy.c:288:12: error: â€˜yy_startâ€™ has a previous declaration as â€˜int yy_startâ€™
 static int yy_start = 0; /* start state number */
            ^
In file included from lexa.l:3:0:
y.tab.h:60:11: error: expected primary-expression before â€˜=â€™ token
     BEGIN = 270,
           ^
y.tab.h:91:3: error: expected declaration before â€˜}â€™ token
   };
   ^
g++: error: test.o: No such file or directory
g++: error: parse.o: No such file or directory
]0;amlansaha@amlansaha-Inspiron-1545: /media/amlansaha/3f8e531b-102d-4ee0-986b-bd92769b9f9c/CSE-310(Compiler_Sessional)/Amlan/CSE-310/Assignment3amlansaha@amlansaha-Inspiron-1545:/media/amlansaha/3f8e531b-102d-4ee0-986b-bd92769b9f9c/CSEE-310(Compiler_Sessional)/Amlan/CSE-310/Assignment3$ sh script.sh
lex.yy.c:125:15: error: expected identifier before â€˜(â€™ token
 #define BEGIN (yy_start) = 1 + 2 *
               ^
y.tab.h:60:5: note: in expansion of macro â€˜BEGINâ€™
     BEGIN = 270,
     ^
lex.yy.c:125:15: error: expected â€˜}â€™ before â€˜(â€™ token
 #define BEGIN (yy_start) = 1 + 2 *
               ^
y.tab.h:60:5: note: in expansion of macro â€˜BEGINâ€™
     BEGIN = 270,
     ^
lex.yy.c:125:24: error: conflicting declaration â€˜yytokentype yy_startâ€™
 #define BEGIN (yy_start) = 1 + 2 *
                        ^
y.tab.h:60:5: note: in expansion of macro â€˜BEGINâ€™
     BEGIN = 270,
     ^
lex.yy.c:288:12: error: â€˜yy_startâ€™ has a previous declaration as â€˜int yy_startâ€™
 static int yy_start = 0; /* start state number */
            ^
In file included from lexa.l:3:0:
y.tab.h:60:11: error: expected primary-expression before â€˜=â€™ token
     BEGIN = 270,
           ^
y.tab.h:91:3: error: expected declaration before â€˜}â€™ token
   };
   ^
g++: error: test.o: No such file or directory
g++: error: parse.o: No such file or directory
]0;amlansaha@amlansaha-Inspiron-1545: /media/amlansaha/3f8e531b-102d-4ee0-986b-bd92769b9f9c/CSE-310(Compiler_Sessional)/Amlan/CSE-310/Assignment3amlansaha@amlansaha-Inspiron-1545:/media/amlansaha/3f8e531b-102d-4ee0-986b-bd92769b9f9c/CSEE-310(Compiler_Sessional)/Amlan/CSE-310/Assignment3$ 
]0;amlansaha@amlansaha-Inspiron-1545: /media/amlansaha/3f8e531b-102d-4ee0-986b-bd92769b9f9c/CSE-310(Compiler_Sessional)/Amlan/CSE-310/Assignment3amlansaha@amlansaha-Inspiron-1545:/media/amlansaha/3f8e531b-102d-4ee0-986b-bd92769b9f9c/CSEE-310(Compiler_Sessional)/Amlan/CSE-310/Assignment3$ sh script.sh
lex.yy.c:125:15: error: expected identifier before â€˜(â€™ token
 #define BEGIN (yy_start) = 1 + 2 *
               ^
y.tab.h:60:5: note: in expansion of macro â€˜BEGINâ€™
     BEGIN = 270,
     ^
lex.yy.c:125:15: error: expected â€˜}â€™ before â€˜(â€™ token
 #define BEGIN (yy_start) = 1 + 2 *
               ^
y.tab.h:60:5: note: in expansion of macro â€˜BEGINâ€™
     BEGIN = 270,
     ^
lex.yy.c:125:24: error: conflicting declaration â€˜yytokentype yy_startâ€™
 #define BEGIN (yy_start) = 1 + 2 *
                        ^
y.tab.h:60:5: note: in expansion of macro â€˜BEGINâ€™
     BEGIN = 270,
     ^
lex.yy.c:288:12: error: â€˜yy_startâ€™ has a previous declaration as â€˜int yy_startâ€™
 static int yy_start = 0; /* start state number */
            ^
In file included from lexa.l:3:0:
y.tab.h:60:11: error: expected primary-expression before â€˜=â€™ token
     BEGIN = 270,
           ^
y.tab.h:91:3: error: expected declaration before â€˜}â€™ token
   };
   ^
]0;amlansaha@amlansaha-Inspiron-1545: /media/amlansaha/3f8e531b-102d-4ee0-986b-bd92769b9f9c/CSE-310(Compiler_Sessional)/Amlan/CSE-310/Assignment3amlansaha@amlansaha-Inspiron-1545:/media/amlansaha/3f8e531b-102d-4ee0-986b-bd92769b9f9c/CSEE-310(Compiler_Sessional)/Amlan/CSE-310/As